<?xml version="1.0" encoding="UTF-8"?>
<!-- Generated by org.testng.reporters.JUnitReportReporter -->
<testsuite hostname="BHARGAVK-VAIO" failures="0" tests="1" name="ScrathFramework.PageNavigationTestNg" time="23.117" errors="0" timestamp="19 May 2020 08:14:00 GMT" skipped="0">
  <testcase classname="ScrathFramework.PageNavigationTestNg" name="chooseBrowser" time="23.117"/>
</testsuite> <!-- ScrathFramework.PageNavigationTestNg -->
