<?xml version="1.0" encoding="UTF-8"?>
<!-- Generated by org.testng.reporters.JUnitReportReporter -->
<testsuite hostname="BHARGAVK-VAIO" failures="0" tests="2" name="MavenJavaConcept.SeleniumTest" time="0.000" errors="0" timestamp="2020-05-08T15:49:59 IST" skipped="0">
  <testcase classname="MavenJavaConcept.SeleniumTest" name="SelenimMehod2" time="0.000"/>
  <system-out/>
  <testcase classname="MavenJavaConcept.SeleniumTest" name="SeleniumMethod" time="0.000"/>
  <system-out/>
</testsuite> <!-- MavenJavaConcept.SeleniumTest -->
