<?xml version="1.0" encoding="UTF-8"?>
<!-- Generated by org.testng.reporters.JUnitReportReporter -->
<testsuite hostname="BHARGAVK-VAIO" failures="0" tests="2" name="MavenJavaConcept.AppiumTest" time="0.003" errors="0" timestamp="2020-05-08T15:49:59 IST" skipped="0">
  <testcase classname="MavenJavaConcept.AppiumTest" name="AppiumTest1" time="0.002"/>
  <system-out/>
  <testcase classname="MavenJavaConcept.AppiumTest" name="AppiumTest2" time="0.001"/>
  <system-out/>
</testsuite> <!-- MavenJavaConcept.AppiumTest -->
