<?xml version="1.0" encoding="UTF-8"?>
<!-- Generated by org.testng.reporters.JUnitReportReporter -->
<testsuite hostname="BHARGAVK-VAIO" failures="0" tests="3" name="MavenJavaConcept.RestApiTest" time="0.013" errors="0" timestamp="2020-05-08T15:49:59 IST" skipped="0">
  <testcase classname="MavenJavaConcept.RestApiTest" name="RestMethod2" time="0.001"/>
  <system-out/>
  <testcase classname="MavenJavaConcept.RestApiTest" name="RestMet" time="0.010"/>
  <system-out/>
  <testcase classname="MavenJavaConcept.RestApiTest" name="RestMethod3" time="0.002"/>
  <system-out/>
</testsuite> <!-- MavenJavaConcept.RestApiTest -->
