<?xml version="1.0" encoding="UTF-8"?>
<!-- Generated by org.testng.reporters.JUnitReportReporter -->
<testsuite hostname="BHARGAVK-VAIO" failures="0" tests="1" name="UdemeyQaClick.MavenJavaConcept.SeleniumTest" time="0.028" errors="0" timestamp="2020-05-07T19:03:56 IST" skipped="0">
  <testcase classname="UdemeyQaClick.MavenJavaConcept.SeleniumTest" name="SelenimMehod2" time="0.028"/>
  <system-out/>
</testsuite> <!-- UdemeyQaClick.MavenJavaConcept.SeleniumTest -->
