<?xml version="1.0" encoding="UTF-8"?>
<!-- Generated by org.testng.reporters.JUnitReportReporter -->
<testsuite hostname="BHARGAVK-VAIO" failures="0" tests="1" name="UdemeyQaClick.ExtentReport.ExtentReportBrowser" time="14.897" errors="0" timestamp="2020-05-13T17:22:14 IST" skipped="0">
  <testcase classname="UdemeyQaClick.ExtentReport.ExtentReportBrowser" name="ChromeBrow" time="14.897"/>
  <system-out/>
</testsuite> <!-- UdemeyQaClick.ExtentReport.ExtentReportBrowser -->
