<?xml version="1.0" encoding="UTF-8"?>
<!-- Generated by org.testng.reporters.JUnitReportReporter -->
<testsuite hostname="BHARGAVK-VAIO" failures="0" tests="1" name="RediffLoginClass" time="20.432" errors="0" timestamp="2020-05-14T15:50:58 IST" skipped="0">
  <testcase classname="RediffLoginClass" name="Login" time="20.432"/>
  <system-out/>
</testsuite> <!-- RediffLoginClass -->
