<?xml version="1.0" encoding="UTF-8"?>
<!-- Generated by org.testng.reporters.JUnitReportReporter -->
<testsuite hostname="BHARGAVK-VAIO" failures="0" tests="2" name="PackageAutoTest.Day1" time="0.030" errors="0" timestamp="2020-05-20T11:29:32 IST" skipped="0">
  <testcase classname="PackageAutoTest.Day1" name="demo" time="0.021"/>
  <system-out/>
  <testcase classname="PackageAutoTest.Day1" name="secondDemo" time="0.009"/>
  <system-out/>
</testsuite> <!-- PackageAutoTest.Day1 -->
