<?xml version="1.0" encoding="UTF-8"?>
<!-- Generated by org.testng.reporters.JUnitReportReporter -->
<testsuite hostname="BHARGAVK-VAIO" failures="0" tests="2" name="PackageAutoTest.Day3" time="0.036" errors="0" timestamp="2020-05-18T13:08:15 IST" skipped="0">
  <testcase classname="PackageAutoTest.Day3" name="IncludeExcludeCombined" time="0.027"/>
  <system-out/>
  <testcase classname="PackageAutoTest.Day3" name="IncludeTest" time="0.009"/>
  <system-out/>
</testsuite> <!-- PackageAutoTest.Day3 -->
