<?xml version="1.0" encoding="UTF-8"?>
<!-- Generated by org.testng.reporters.JUnitReportReporter -->
<testsuite hostname="BHARGAVK-VAIO" failures="0" tests="1" name="PackageAutoTest.Day5" time="0.003" errors="0" timestamp="2020-05-19T15:42:26 IST" skipped="0">
  <testcase classname="PackageAutoTest.Day5" name="GlobalSuiteLevelParameters" time="0.003"/>
  <system-out/>
</testsuite> <!-- PackageAutoTest.Day5 -->
