<?xml version="1.0" encoding="UTF-8"?>
<!-- Generated by org.testng.reporters.JUnitReportReporter -->
<testsuite hostname="BHARGAVK-VAIO" failures="0" tests="3" name="PackageAutoTest.Day2" time="0.020" errors="0" timestamp="2020-05-19T15:42:26 IST" skipped="0">
  <testcase classname="PackageAutoTest.Day2" name="afterMEthod2" time="0.006"/>
  <system-out/>
  <testcase classname="PackageAutoTest.Day2" name="afterMEthod" time="0.010"/>
  <system-out/>
  <testcase classname="PackageAutoTest.Day2" name="demo3" time="0.004"/>
  <system-out/>
</testsuite> <!-- PackageAutoTest.Day2 -->
