<?xml version="1.0" encoding="UTF-8"?>
<!-- Generated by org.testng.reporters.JUnitReportReporter -->
<testsuite hostname="BHARGAVK-VAIO" failures="0" tests="2" name="PackageAutoTest.AssertionsDemo" time="0.054" errors="0" timestamp="2020-05-18T15:40:11 IST" skipped="0">
  <testcase classname="PackageAutoTest.AssertionsDemo" name="test1" time="0.050"/>
  <system-out/>
  <testcase classname="PackageAutoTest.AssertionsDemo" name="test2" time="0.004"/>
  <system-out/>
</testsuite> <!-- PackageAutoTest.AssertionsDemo -->
