<?xml version="1.0" encoding="UTF-8"?>
<!-- Generated by org.testng.reporters.JUnitReportReporter -->
<testsuite hostname="BHARGAVK-VAIO" failures="0" tests="1" name="AutoTest.Day2" time="0.002" errors="0" timestamp="2020-05-05T16:54:12 IST" skipped="0">
  <testcase classname="AutoTest.Day2" name="demo3" time="0.002"/>
  <system-out/>
</testsuite> <!-- AutoTest.Day2 -->
