<?xml version="1.0" encoding="UTF-8"?>
<!-- Generated by org.testng.reporters.JUnitReportReporter -->
<testsuite hostname="BHARGAVK-VAIO" failures="0" tests="6" name="PackageAutoTest.Day4" time="0.107" errors="0" timestamp="2020-05-19T15:42:26 IST" skipped="0">
  <testcase classname="PackageAutoTest.Day4" name="day4Depend2" time="0.015"/>
  <system-out/>
  <testcase classname="PackageAutoTest.Day4" name="ClassLevelParameters" time="0.004"/>
  <system-out/>
  <testcase classname="PackageAutoTest.Day4" name="aday4Depends" time="0.003"/>
  <system-out/>
  <testcase classname="PackageAutoTest.Day4" name="zday4_1" time="0.006"/>
  <system-out/>
  <testcase classname="PackageAutoTest.Day4" name="another" time="0.050"/>
  <system-out/>
  <testcase classname="PackageAutoTest.Day4" name="day4Depend1" time="0.029"/>
  <system-out/>
</testsuite> <!-- PackageAutoTest.Day4 -->
