<?xml version="1.0" encoding="UTF-8"?>
<!-- Generated by org.testng.reporters.JUnitReportReporter -->
<testsuite hostname="BHARGAVK-VAIO" failures="0" tests="2" name="AutoTest.Day1" time="0.062" errors="0" timestamp="2020-05-05T16:54:11 IST" skipped="0">
  <testcase classname="AutoTest.Day1" name="demo" time="0.060"/>
  <system-out/>
  <testcase classname="AutoTest.Day1" name="secondDemo" time="0.002"/>
  <system-out/>
</testsuite> <!-- AutoTest.Day1 -->
