<?xml version="1.0" encoding="UTF-8"?>
<!-- Generated by org.testng.reporters.JUnitReportReporter -->
<testsuite hostname="BHARGAVK-VAIO" failures="0" tests="2" name="PackageAutoTest.expp" time="0.067" errors="0" timestamp="2020-05-18T15:23:37 IST" skipped="0">
  <testcase classname="PackageAutoTest.expp" name="test1" time="0.056"/>
  <system-out/>
  <testcase classname="PackageAutoTest.expp" name="test2" time="0.011"/>
  <system-out/>
</testsuite> <!-- PackageAutoTest.expp -->
